<?xml version="1.0" encoding="UTF-8" ?>
<testsuite errors="0" failures="0" hostname="Theone" name="geopt.geometry.VectorTest" tests="7" time="1.027" timestamp="2008-02-18T21:15:51">
  <properties>
[...]
</properties>
  <testcase classname="geopt.geometry.VectorTest" name="smul" time="0.013" />
  <testcase classname="geopt.geometry.VectorTest" name="vmul" time="0.047" />
  <testcase classname="geopt.geometry.VectorTest" name="mixedProduct" time="0.0020" />
  <testcase classname="geopt.geometry.VectorTest" name="isCollinear" time="0.0020" />
  <testcase classname="geopt.geometry.VectorTest" name="isOrthogonal" time="0.0060" />
  <testcase classname="geopt.geometry.VectorTest" name="isComplanar" time="0.0020" />
  <testcase classname="geopt.geometry.VectorTest" name="abs" time="0.0030" />
  <system-out><![CDATA[smul
vmul
(1.00000, 0.00000, 0.00000)
(0.00000, 1.00000, 0.00000)
(0.00000, 0.00000, 1.00000)
mixedProduct
isCollinear
isOrthogonal
isComplanar
abs
]]></system-out>
  <system-err><![CDATA[]]></system-err>
</testsuite>
