<?xml version="1.0" encoding="UTF-8" ?>
<testsuite errors="0" failures="0" hostname="Theone" name="geopt.geometry.SphereTest" tests="1" time="0.094" timestamp="2008-03-17T07:06:26">
  <properties>
[...]
</properties>
  <testcase classname="geopt.geometry.SphereTest" name="intersectRay" time="0.012" />
  <system-out><![CDATA[Sphere#intersectRay
result: (-0.707107, 0.00000, -0.707107)
result: (0.707107, 0.00000, 0.707107)
result: null
result: null
]]></system-out>
  <system-err><![CDATA[]]></system-err>
</testsuite>
